Using pre-set license
Built from '2020.2/staging' branch; Version is '2020.2.3f1 (8ff31bc5bf5b) revision 9433883'; Using compiler version '192528614'; Build Type 'Release'
OS: 'Windows 10 Education; OS build 18363.1379; Version 1909; 64bit' Language: 'es' Physical Memory: 8146 MB
BatchMode: 1, IsHumanControllingUs: 0, StartBugReporterOnCrash: 0, Is64bit: 1, IsPro: 0

 COMMAND LINE ARGUMENTS:
C:\Program Files\Unity\Hub\Editor\2020.2.3f1\Editor\Unity.exe
-adb2
-batchMode
-noUpm
-name
AssetImportWorker0
-projectPath
C:/Users/poljulian/Desktop/VR
-logFile
Logs/AssetImportWorker0.log
-srvPort
58237
Successfully changed project path to: C:/Users/poljulian/Desktop/VR
C:/Users/poljulian/Desktop/VR
Using Asset Import Pipeline V2.
Refreshing native plugins compatible for Editor in 59.86 ms, found 4 plugins.
Preloading 1 native plugins for Editor in 1.44 ms.
Initialize engine version: 2020.2.3f1 (8ff31bc5bf5b)
[Subsystems] Discovering subsystems at path C:/Program Files/Unity/Hub/Editor/2020.2.3f1/Editor/Data/Resources/UnitySubsystems
[Subsystems] Discovering subsystems at path C:/Users/poljulian/Desktop/VR/Assets
GfxDevice: creating device client; threaded=0
Direct3D:
    Version:  Direct3D 11.0 [level 11.1]
    Renderer: NVIDIA GeForce GTX 1070 Ti (ID=0x1b82)
    Vendor:   
    VRAM:     8079 MB
    Driver:   27.21.14.5671
Shader 'Oculus/OVRMRCameraFrameLit': fallback shader 'Alpha-Diffuse' not found
Initialize mono
Mono path[0] = 'C:/Program Files/Unity/Hub/Editor/2020.2.3f1/Editor/Data/Managed'
Mono path[1] = 'C:/Program Files/Unity/Hub/Editor/2020.2.3f1/Editor/Data/MonoBleedingEdge/lib/mono/unityjit'
Mono config path = 'C:/Program Files/Unity/Hub/Editor/2020.2.3f1/Editor/Data/MonoBleedingEdge/etc'
Using monoOptions --debugger-agent=transport=dt_socket,embedding=1,server=y,suspend=n,address=127.0.0.1:56388
Begin MonoManager ReloadAssembly
Registering precompiled unity dll's ...
Register platform support module: C:/Program Files/Unity/Hub/Editor/2020.2.3f1/Editor/Data/PlaybackEngines/WindowsStandaloneSupport/UnityEditor.WindowsStandalone.Extensions.dll
Registered in 0.003363 seconds.
Native extension for WindowsStandalone target not found
Refreshing native plugins compatible for Editor in 41.43 ms, found 4 plugins.
Preloading 1 native plugins for Editor in 0.07 ms.
Invoked RoslynAnalysisRunner static constructor.
RoslynAnalysisRunner will not be running.
RoslynAnalysisRunner has terminated.
Mono: successfully reloaded assembly
- Completed reload, in  2.933 seconds
Platform modules already initialized, skipping
Registering precompiled user dll's ...
Registered in 0.003789 seconds.
Begin MonoManager ReloadAssembly
Native extension for WindowsStandalone target not found
Refreshing native plugins compatible for Editor in 0.52 ms, found 4 plugins.
Preloading 1 native plugins for Editor in 0.07 ms.
Invoked RoslynAnalysisRunner static constructor.
RoslynAnalysisRunner will not be running.
RoslynAnalysisRunner has terminated.
[XR] OculusXRPlugin: registering subsystems
[XR] Unable to register display lifecyle provider: [1]
[XR] Oculus Input lifecycle provider registered.
[XR] Unable to register input lifecyle provider: [1]
[XR] OVRP version 1.55.1
Mono: successfully reloaded assembly
- Completed reload, in  0.807 seconds
Platform modules already initialized, skipping
========================================================================
Worker process is ready to serve import requests
Shader 'Oculus/OVRMRCameraFrameLit': fallback shader 'Alpha-Diffuse' not found
Launched and connected shader compiler UnityShaderCompiler.exe after 0.06 seconds
Refreshing native plugins compatible for Editor in 0.52 ms, found 4 plugins.
Preloading 1 native plugins for Editor in 0.07 ms.
Unloading 1726 Unused Serialized files (Serialized files now loaded: 0)
System memory in use before: 86.5 MB.
System memory in use after: 86.6 MB.

Unloading 34 unused Assets to reduce memory usage. Loaded Objects now: 2149.
Total: 1.819400 ms (FindLiveObjects: 0.155100 ms CreateObjectMapping: 0.058800 ms MarkObjects: 1.508600 ms  DeleteObjects: 0.096200 ms)

========================================================================
Received Import Request.
  path: Assets/Oculus/SampleFramework/Core/Locomotion/TeleportDestination.prefab
  artifactKey: Guid(1b474618c4fc5f54e8a8b803c8352c7d) Importer(815301076,1909f56bfc062723c751e8b465ee728b)
Start importing Assets/Oculus/SampleFramework/Core/Locomotion/TeleportDestination.prefab using Guid(1b474618c4fc5f54e8a8b803c8352c7d) Importer(815301076,1909f56bfc062723c751e8b465ee728b)  -> (artifact id: 'ea1ecde32bac43da2e81dcb549319b0f') in 0.102699 seconds
  Import took 0.106130 seconds .

========================================================================
Received Import Request.
  Time since last request: 48.226472 seconds.
  path: Assets/Mesh/MeshPosition.fbx
  artifactKey: Guid(5b8553c929aefeb4086c80ec280dab21) Importer(815301076,1909f56bfc062723c751e8b465ee728b)
Start importing Assets/Mesh/MeshPosition.fbx using Guid(5b8553c929aefeb4086c80ec280dab21) Importer(815301076,1909f56bfc062723c751e8b465ee728b)  -> (artifact id: 'e90219663ef152311d6f607e44bd187b') in 0.055320 seconds
  Import took 0.058406 seconds .

========================================================================
Received Import Request.
  Time since last request: 4.970987 seconds.
  path: Assets/Mesh/MeshOrientation.fbx
  artifactKey: Guid(2d5c8ee03f2301d4898cd552b32a1c1d) Importer(815301076,1909f56bfc062723c751e8b465ee728b)
Start importing Assets/Mesh/MeshOrientation.fbx using Guid(2d5c8ee03f2301d4898cd552b32a1c1d) Importer(815301076,1909f56bfc062723c751e8b465ee728b)  -> (artifact id: '4a389aac7548c73322f2ed478f760dc0') in 0.039821 seconds
  Import took 0.042501 seconds .

========================================================================
Received Import Request.
  Time since last request: 274.336226 seconds.
  path: Assets/Mesh/TeleportDestination.prefab
  artifactKey: Guid(81ec154620e9b0d4d8e3f2ae818db2d4) Importer(815301076,1909f56bfc062723c751e8b465ee728b)
Start importing Assets/Mesh/TeleportDestination.prefab using Guid(81ec154620e9b0d4d8e3f2ae818db2d4) Importer(815301076,1909f56bfc062723c751e8b465ee728b)  -> (artifact id: '8fae928383fc9a25706fe21145f08bac') in 0.012172 seconds
  Import took 0.015814 seconds .

========================================================================
Received Import Request.
  Time since last request: 0.005712 seconds.
  path: Assets/Mesh/TeleportDestination.prefab
  artifactKey: Guid(81ec154620e9b0d4d8e3f2ae818db2d4) Importer(815301076,1909f56bfc062723c751e8b465ee728b)
Start importing Assets/Mesh/TeleportDestination.prefab using Guid(81ec154620e9b0d4d8e3f2ae818db2d4) Importer(815301076,1909f56bfc062723c751e8b465ee728b)  -> (artifact id: '8fae928383fc9a25706fe21145f08bac') in 0.007491 seconds
  Import took 0.010038 seconds .

========================================================================
Received Import Request.
  Time since last request: 9.516503 seconds.
  path: Assets/Mesh/TeleportDestination 1.prefab
  artifactKey: Guid(510d1ea06d237204bb7ff985694c3723) Importer(815301076,1909f56bfc062723c751e8b465ee728b)
Start importing Assets/Mesh/TeleportDestination 1.prefab using Guid(510d1ea06d237204bb7ff985694c3723) Importer(815301076,1909f56bfc062723c751e8b465ee728b)  -> (artifact id: '86ea5c7bcb0e4e17338da644a61304e6') in 0.015026 seconds
  Import took 0.018025 seconds .

========================================================================
Received Prepare
Registering precompiled user dll's ...
Registered in 0.003126 seconds.
Begin MonoManager ReloadAssembly
Native extension for WindowsStandalone target not found
Refreshing native plugins compatible for Editor in 0.54 ms, found 4 plugins.
Preloading 1 native plugins for Editor in 0.08 ms.
Invoked RoslynAnalysisRunner static constructor.
RoslynAnalysisRunner will not be running.
RoslynAnalysisRunner has terminated.
Mono: successfully reloaded assembly
- Completed reload, in  0.760 seconds
Platform modules already initialized, skipping
Shader 'Oculus/OVRMRCameraFrameLit': fallback shader 'Alpha-Diffuse' not found
Refreshing native plugins compatible for Editor in 0.57 ms, found 4 plugins.
Preloading 1 native plugins for Editor in 0.07 ms.
Unloading 1664 Unused Serialized files (Serialized files now loaded: 0)
System memory in use before: 86.0 MB.
System memory in use after: 86.1 MB.

Unloading 29 unused Assets to reduce memory usage. Loaded Objects now: 2195.
Total: 2.553800 ms (FindLiveObjects: 0.181800 ms CreateObjectMapping: 0.050000 ms MarkObjects: 2.138900 ms  DeleteObjects: 0.181800 ms)

========================================================================
Received Import Request.
  Time since last request: 695.273020 seconds.
  path: Assets/Resources/ONSPSettings.asset
  artifactKey: Guid(cd3e0136fa29b6645993564eebb4cd31) Importer(815301076,1909f56bfc062723c751e8b465ee728b)
Start importing Assets/Resources/ONSPSettings.asset using Guid(cd3e0136fa29b6645993564eebb4cd31) Importer(815301076,1909f56bfc062723c751e8b465ee728b)  -> (artifact id: 'b08bd4b930a9fe391544d068ff942641') in 0.019499 seconds
  Import took 0.023147 seconds .

========================================================================
Received Import Request.
  Time since last request: 0.000264 seconds.
  path: Assets/Resources/OVRPlatformToolSettings.asset
  artifactKey: Guid(c3b95901adf6473459e9d3dab99517b0) Importer(815301076,1909f56bfc062723c751e8b465ee728b)
Start importing Assets/Resources/OVRPlatformToolSettings.asset using Guid(c3b95901adf6473459e9d3dab99517b0) Importer(815301076,1909f56bfc062723c751e8b465ee728b)  -> (artifact id: '63258a3c935459086282dc839ac8266b') in 0.011015 seconds
  Import took 0.013420 seconds .

========================================================================
Received Import Request.
  Time since last request: 0.459403 seconds.
  path: Assets/Oculus/OculusProjectConfig.asset
  artifactKey: Guid(5bc4850dfd5d50c4a9e4194db309b0f2) Importer(815301076,1909f56bfc062723c751e8b465ee728b)
Start importing Assets/Oculus/OculusProjectConfig.asset using Guid(5bc4850dfd5d50c4a9e4194db309b0f2) Importer(815301076,1909f56bfc062723c751e8b465ee728b)  -> (artifact id: '25375ccfd76e23f071dd7257eaa2ed58') in 0.007033 seconds
  Import took 0.010117 seconds .

========================================================================
Received Import Request.
  Time since last request: 2.342492 seconds.
  path: Assets/Oculus/SampleFramework
  artifactKey: Guid(75bbb5b44ae74a1428a32df7b519b0bd) Importer(815301076,1909f56bfc062723c751e8b465ee728b)
Start importing Assets/Oculus/SampleFramework using Guid(75bbb5b44ae74a1428a32df7b519b0bd) Importer(815301076,1909f56bfc062723c751e8b465ee728b)  -> (artifact id: 'd896aa6a51a55754b2ebc7fa1ad9ef4b') in 0.006373 seconds
  Import took 0.009401 seconds .

========================================================================
Received Import Request.
  Time since last request: 2.117964 seconds.
  path: Assets/Oculus/SampleFramework/Editor
  artifactKey: Guid(94d0c0bde2436ef40b2fcde66e0d76e9) Importer(815301076,1909f56bfc062723c751e8b465ee728b)
Start importing Assets/Oculus/SampleFramework/Editor using Guid(94d0c0bde2436ef40b2fcde66e0d76e9) Importer(815301076,1909f56bfc062723c751e8b465ee728b)  -> (artifact id: '1ded105228387f8a57b7a5351a6facec') in 0.006315 seconds
  Import took 0.009235 seconds .

========================================================================
Received Import Request.
  Time since last request: 6.558399 seconds.
  path: Assets/Oculus/VR
  artifactKey: Guid(722b5ce8d4de36342bdfa14076b1dad6) Importer(815301076,1909f56bfc062723c751e8b465ee728b)
Start importing Assets/Oculus/VR using Guid(722b5ce8d4de36342bdfa14076b1dad6) Importer(815301076,1909f56bfc062723c751e8b465ee728b)  -> (artifact id: 'dceaced272b555bcdcb7242a68ce81d1') in 0.006469 seconds
  Import took 0.009390 seconds .

========================================================================
Received Import Request.
  Time since last request: 0.000543 seconds.
  path: Assets/Oculus/VR
  artifactKey: Guid(722b5ce8d4de36342bdfa14076b1dad6) Importer(815301076,1909f56bfc062723c751e8b465ee728b)
Start importing Assets/Oculus/VR using Guid(722b5ce8d4de36342bdfa14076b1dad6) Importer(815301076,1909f56bfc062723c751e8b465ee728b)  -> (artifact id: 'dceaced272b555bcdcb7242a68ce81d1') in 0.002334 seconds
  Import took 0.004620 seconds .

========================================================================
Received Import Request.
  Time since last request: 0.148966 seconds.
  path: Assets/Oculus/VR/Oculus.VR.asmdef
  artifactKey: Guid(f64c9ebcd7899c3448a08dc9f9ddbe30) Importer(815301076,1909f56bfc062723c751e8b465ee728b)
Start importing Assets/Oculus/VR/Oculus.VR.asmdef using Guid(f64c9ebcd7899c3448a08dc9f9ddbe30) Importer(815301076,1909f56bfc062723c751e8b465ee728b)  -> (artifact id: 'df05daeaa86ad75b0866db88e093d6ae') in 0.007638 seconds
  Import took 0.010622 seconds .

========================================================================
Received Import Request.
  Time since last request: 1.682128 seconds.
  path: Assets/Oculus/VR/Scenes
  artifactKey: Guid(68bc04068edcc1a4d89699ab4e2e69ae) Importer(815301076,1909f56bfc062723c751e8b465ee728b)
Start importing Assets/Oculus/VR/Scenes using Guid(68bc04068edcc1a4d89699ab4e2e69ae) Importer(815301076,1909f56bfc062723c751e8b465ee728b)  -> (artifact id: 'ff96295a8f7aed46568b08ce68a72e4c') in 0.005878 seconds
  Import took 0.008409 seconds .

========================================================================
Received Import Request.
  Time since last request: 1.459233 seconds.
  path: Assets/Oculus/VR/Scenes/HandTest_Custom.unity
  artifactKey: Guid(c884d076d6398b54492bcc64bbe30bf5) Importer(815301076,1909f56bfc062723c751e8b465ee728b)
Start importing Assets/Oculus/VR/Scenes/HandTest_Custom.unity using Guid(c884d076d6398b54492bcc64bbe30bf5) Importer(815301076,1909f56bfc062723c751e8b465ee728b)  -> (artifact id: 'dd920244f482b19a99ff98f5c381f37b') in 0.006352 seconds
  Import took 0.008844 seconds .

========================================================================
Received Import Request.
  Time since last request: 0.001888 seconds.
  path: Assets/Oculus/VR/Scenes/HandTest_Custom.unity
  artifactKey: Guid(c884d076d6398b54492bcc64bbe30bf5) Importer(815301076,1909f56bfc062723c751e8b465ee728b)
Start importing Assets/Oculus/VR/Scenes/HandTest_Custom.unity using Guid(c884d076d6398b54492bcc64bbe30bf5) Importer(815301076,1909f56bfc062723c751e8b465ee728b)  -> (artifact id: 'dd920244f482b19a99ff98f5c381f37b') in 0.002730 seconds
  Import took 0.005310 seconds .

========================================================================
Received Import Request.
  Time since last request: 0.548303 seconds.
  path: Assets/Oculus/VR/Scenes/HandTest.unity
  artifactKey: Guid(b9a31e08066d6e343a208d34ec298f09) Importer(815301076,1909f56bfc062723c751e8b465ee728b)
Start importing Assets/Oculus/VR/Scenes/HandTest.unity using Guid(b9a31e08066d6e343a208d34ec298f09) Importer(815301076,1909f56bfc062723c751e8b465ee728b)  -> (artifact id: 'de3c8e12de9be82f0060f5b7d4e68ceb') in 0.006360 seconds
  Import took 0.008882 seconds .

========================================================================
Received Import Request.
  Time since last request: 0.462445 seconds.
  path: Assets/Oculus/VR/Scenes/Cubes.unity
  artifactKey: Guid(d920b3d2525670f4abad3d20eda3b349) Importer(815301076,1909f56bfc062723c751e8b465ee728b)
Start importing Assets/Oculus/VR/Scenes/Cubes.unity using Guid(d920b3d2525670f4abad3d20eda3b349) Importer(815301076,1909f56bfc062723c751e8b465ee728b)  -> (artifact id: '4ebb163a6275d166560af62fe088c650') in 0.006394 seconds
  Import took 0.009345 seconds .

========================================================================
Received Import Request.
  Time since last request: 0.000499 seconds.
  path: Assets/Oculus/VR/Scenes/Cubes.unity
  artifactKey: Guid(d920b3d2525670f4abad3d20eda3b349) Importer(815301076,1909f56bfc062723c751e8b465ee728b)
Start importing Assets/Oculus/VR/Scenes/Cubes.unity using Guid(d920b3d2525670f4abad3d20eda3b349) Importer(815301076,1909f56bfc062723c751e8b465ee728b)  -> (artifact id: '4ebb163a6275d166560af62fe088c650') in 0.002523 seconds
  Import took 0.004887 seconds .

========================================================================
Received Import Request.
  Time since last request: 0.418195 seconds.
  path: Assets/Oculus/VR/Scenes/ControllerTest.unity
  artifactKey: Guid(d56af3aeb2176e7459f753c1c2e2dd97) Importer(815301076,1909f56bfc062723c751e8b465ee728b)
Start importing Assets/Oculus/VR/Scenes/ControllerTest.unity using Guid(d56af3aeb2176e7459f753c1c2e2dd97) Importer(815301076,1909f56bfc062723c751e8b465ee728b)  -> (artifact id: 'f3a893cfe1d25bfa7c75b60fdb42ccab') in 0.006238 seconds
  Import took 0.009003 seconds .

========================================================================
Received Import Request.
  Time since last request: 0.960792 seconds.
  path: Assets/Oculus/VR/Scenes/ControllerModels.unity
  artifactKey: Guid(39cfe7aa0a2d46c47994d8d0308ec663) Importer(815301076,1909f56bfc062723c751e8b465ee728b)
Start importing Assets/Oculus/VR/Scenes/ControllerModels.unity using Guid(39cfe7aa0a2d46c47994d8d0308ec663) Importer(815301076,1909f56bfc062723c751e8b465ee728b)  -> (artifact id: 'e99b9b38f276a31634a326821c06dfe3') in 0.006623 seconds
  Import took 0.009010 seconds .

========================================================================
Received Import Request.
  Time since last request: 0.000625 seconds.
  path: Assets/Oculus/VR/Scenes/ControllerModels.unity
  artifactKey: Guid(39cfe7aa0a2d46c47994d8d0308ec663) Importer(815301076,1909f56bfc062723c751e8b465ee728b)
Start importing Assets/Oculus/VR/Scenes/ControllerModels.unity using Guid(39cfe7aa0a2d46c47994d8d0308ec663) Importer(815301076,1909f56bfc062723c751e8b465ee728b)  -> (artifact id: 'e99b9b38f276a31634a326821c06dfe3') in 0.002617 seconds
  Import took 0.004945 seconds .

========================================================================
Received Import Request.
  Time since last request: 1.927442 seconds.
  path: Assets/Oculus/VR/Scenes/UI.unity
  artifactKey: Guid(1f4d3ae64a10d434db219de8b14348e1) Importer(815301076,1909f56bfc062723c751e8b465ee728b)
Start importing Assets/Oculus/VR/Scenes/UI.unity using Guid(1f4d3ae64a10d434db219de8b14348e1) Importer(815301076,1909f56bfc062723c751e8b465ee728b)  -> (artifact id: 'b7ed49e2cae3d6c43975e4b7822363d3') in 0.006661 seconds
  Import took 0.009339 seconds .

========================================================================
Received Import Request.
  Time since last request: 0.000556 seconds.
  path: Assets/Oculus/VR/Scenes/UI.unity
  artifactKey: Guid(1f4d3ae64a10d434db219de8b14348e1) Importer(815301076,1909f56bfc062723c751e8b465ee728b)
Start importing Assets/Oculus/VR/Scenes/UI.unity using Guid(1f4d3ae64a10d434db219de8b14348e1) Importer(815301076,1909f56bfc062723c751e8b465ee728b)  -> (artifact id: 'b7ed49e2cae3d6c43975e4b7822363d3') in 0.002586 seconds
  Import took 0.004966 seconds .

========================================================================
Received Import Request.
  Time since last request: 0.744706 seconds.
  path: Assets/Oculus/VR/Scenes/Trivial.unity
  artifactKey: Guid(d8d21f2460d13554780e4af04a9e0d6e) Importer(815301076,1909f56bfc062723c751e8b465ee728b)
Start importing Assets/Oculus/VR/Scenes/Trivial.unity using Guid(d8d21f2460d13554780e4af04a9e0d6e) Importer(815301076,1909f56bfc062723c751e8b465ee728b)  -> (artifact id: 'a62c64157f0837220e3220504aa66043') in 0.006587 seconds
  Import took 0.009569 seconds .

========================================================================
Received Import Request.
  Time since last request: 0.622879 seconds.
  path: Assets/Oculus/VR/Scenes/Room.unity
  artifactKey: Guid(54445976c1dbf1c49bb38ba7eba558e8) Importer(815301076,1909f56bfc062723c751e8b465ee728b)
Start importing Assets/Oculus/VR/Scenes/Room.unity using Guid(54445976c1dbf1c49bb38ba7eba558e8) Importer(815301076,1909f56bfc062723c751e8b465ee728b)  -> (artifact id: '59f9581ad3dabacebefe5f6065c9e987') in 0.006623 seconds
  Import took 0.009400 seconds .

========================================================================
Received Import Request.
  Time since last request: 0.000607 seconds.
  path: Assets/Oculus/VR/Scenes/Room.unity
  artifactKey: Guid(54445976c1dbf1c49bb38ba7eba558e8) Importer(815301076,1909f56bfc062723c751e8b465ee728b)
Start importing Assets/Oculus/VR/Scenes/Room.unity using Guid(54445976c1dbf1c49bb38ba7eba558e8) Importer(815301076,1909f56bfc062723c751e8b465ee728b)  -> (artifact id: '59f9581ad3dabacebefe5f6065c9e987') in 0.002480 seconds
  Import took 0.004792 seconds .

========================================================================
Received Import Request.
  Time since last request: 0.751862 seconds.
  path: Assets/Oculus/VR/Scenes/MRC.unity
  artifactKey: Guid(c249320cff740054f973da7f7e24bd1f) Importer(815301076,1909f56bfc062723c751e8b465ee728b)
Start importing Assets/Oculus/VR/Scenes/MRC.unity using Guid(c249320cff740054f973da7f7e24bd1f) Importer(815301076,1909f56bfc062723c751e8b465ee728b)  -> (artifact id: '67656095c496d13c80d9a39927248197') in 0.006311 seconds
  Import took 0.009054 seconds .

========================================================================
Received Import Request.
  Time since last request: 0.001306 seconds.
  path: Assets/Oculus/VR/Scenes/MRC.unity
  artifactKey: Guid(c249320cff740054f973da7f7e24bd1f) Importer(815301076,1909f56bfc062723c751e8b465ee728b)
Start importing Assets/Oculus/VR/Scenes/MRC.unity using Guid(c249320cff740054f973da7f7e24bd1f) Importer(815301076,1909f56bfc062723c751e8b465ee728b)  -> (artifact id: '67656095c496d13c80d9a39927248197') in 0.002793 seconds
  Import took 0.005230 seconds .

========================================================================
Received Import Request.
  Time since last request: 24.200432 seconds.
  path: Assets/XR/XRGeneralSettings.asset
  artifactKey: Guid(4ff94ad43b15fc440ba030e680205c4f) Importer(815301076,1909f56bfc062723c751e8b465ee728b)
Start importing Assets/XR/XRGeneralSettings.asset using Guid(4ff94ad43b15fc440ba030e680205c4f) Importer(815301076,1909f56bfc062723c751e8b465ee728b)  -> (artifact id: '6643eba8b05c47a1f6badf1f3c7b11d6') in 0.011880 seconds
  Import took 0.014278 seconds .

========================================================================
Received Import Request.
  Time since last request: 7.040690 seconds.
  path: Assets/Scenes/MovementAndTeleport.unity
  artifactKey: Guid(09b51780ba20bd64eb8c91592904959d) Importer(815301076,1909f56bfc062723c751e8b465ee728b)
Start importing Assets/Scenes/MovementAndTeleport.unity using Guid(09b51780ba20bd64eb8c91592904959d) Importer(815301076,1909f56bfc062723c751e8b465ee728b)  -> (artifact id: '51e5c9231eb375abe59674fdae901e59') in 0.007181 seconds
  Import took 0.009812 seconds .

========================================================================
Received Import Request.
  Time since last request: 0.000473 seconds.
  path: Assets/Scenes/MovementAndTeleport.unity
  artifactKey: Guid(09b51780ba20bd64eb8c91592904959d) Importer(815301076,1909f56bfc062723c751e8b465ee728b)
Start importing Assets/Scenes/MovementAndTeleport.unity using Guid(09b51780ba20bd64eb8c91592904959d) Importer(815301076,1909f56bfc062723c751e8b465ee728b)  -> (artifact id: '51e5c9231eb375abe59674fdae901e59') in 0.002658 seconds
  Import took 0.005192 seconds .

========================================================================
Received Import Request.
  Time since last request: 2.640575 seconds.
  path: Assets/Scenes/MovementAndTeleport
  artifactKey: Guid(2df96e47eda418940845974f7a5888d3) Importer(815301076,1909f56bfc062723c751e8b465ee728b)
Start importing Assets/Scenes/MovementAndTeleport using Guid(2df96e47eda418940845974f7a5888d3) Importer(815301076,1909f56bfc062723c751e8b465ee728b)  -> (artifact id: '3363aacd0b2a3dbf398d0b5818f7c17e') in 0.006589 seconds
  Import took 0.009643 seconds .

========================================================================
Received Import Request.
  Time since last request: 0.103412 seconds.
  path: Assets/Scenes/MovementAndTeleport/NavMesh.asset
  artifactKey: Guid(85fd4da2b441db14d900c994401f0cee) Importer(815301076,1909f56bfc062723c751e8b465ee728b)
Start importing Assets/Scenes/MovementAndTeleport/NavMesh.asset using Guid(85fd4da2b441db14d900c994401f0cee) Importer(815301076,1909f56bfc062723c751e8b465ee728b)  -> (artifact id: 'eeaf2e273fceadd8d34e7803e1d8da35') in 0.006114 seconds
  Import took 0.008746 seconds .

========================================================================
Received Prepare
Registering precompiled user dll's ...
Registered in 0.002760 seconds.
Begin MonoManager ReloadAssembly
Native extension for WindowsStandalone target not found
Refreshing native plugins compatible for Editor in 0.57 ms, found 4 plugins.
Preloading 1 native plugins for Editor in 0.07 ms.
Invoked RoslynAnalysisRunner static constructor.
RoslynAnalysisRunner will not be running.
RoslynAnalysisRunner has terminated.
Mono: successfully reloaded assembly
- Completed reload, in  0.699 seconds
Platform modules already initialized, skipping
Shader 'Oculus/OVRMRCameraFrameLit': fallback shader 'Alpha-Diffuse' not found
Refreshing native plugins compatible for Editor in 0.57 ms, found 4 plugins.
Preloading 1 native plugins for Editor in 0.06 ms.
Unloading 1664 Unused Serialized files (Serialized files now loaded: 0)
System memory in use before: 86.1 MB.
System memory in use after: 86.2 MB.

Unloading 29 unused Assets to reduce memory usage. Loaded Objects now: 2198.
Total: 1.596400 ms (FindLiveObjects: 0.163100 ms CreateObjectMapping: 0.041700 ms MarkObjects: 1.327500 ms  DeleteObjects: 0.063500 ms)

========================================================================
Received Prepare
Registering precompiled user dll's ...
Registered in 0.002857 seconds.
Begin MonoManager ReloadAssembly
Native extension for WindowsStandalone target not found
Refreshing native plugins compatible for Editor in 0.54 ms, found 4 plugins.
Preloading 1 native plugins for Editor in 0.07 ms.
Invoked RoslynAnalysisRunner static constructor.
RoslynAnalysisRunner will not be running.
RoslynAnalysisRunner has terminated.
Mono: successfully reloaded assembly
- Completed reload, in  0.696 seconds
Platform modules already initialized, skipping
Shader 'Oculus/OVRMRCameraFrameLit': fallback shader 'Alpha-Diffuse' not found
Refreshing native plugins compatible for Editor in 0.54 ms, found 4 plugins.
Preloading 1 native plugins for Editor in 0.06 ms.
Unloading 1664 Unused Serialized files (Serialized files now loaded: 0)
System memory in use before: 86.2 MB.
System memory in use after: 86.2 MB.

Unloading 29 unused Assets to reduce memory usage. Loaded Objects now: 2201.
Total: 1.729900 ms (FindLiveObjects: 0.157800 ms CreateObjectMapping: 0.074500 ms MarkObjects: 1.434400 ms  DeleteObjects: 0.062200 ms)

========================================================================
Received Import Request.
  Time since last request: 371.400665 seconds.
  path: Assets/Oculus/SampleFramework/Core/Locomotion/Models
  artifactKey: Guid(cb38391237052be4a8baf943256b1db2) Importer(815301076,1909f56bfc062723c751e8b465ee728b)
Start importing Assets/Oculus/SampleFramework/Core/Locomotion/Models using Guid(cb38391237052be4a8baf943256b1db2) Importer(815301076,1909f56bfc062723c751e8b465ee728b)  -> (artifact id: 'e34d0154c6c9dbbe92b0db052705814e') in 0.009544 seconds
  Import took 0.012154 seconds .

========================================================================
Received Import Request.
  Time since last request: 0.000633 seconds.
  path: Assets/Oculus/SampleFramework/Core/Locomotion/Models
  artifactKey: Guid(cb38391237052be4a8baf943256b1db2) Importer(815301076,1909f56bfc062723c751e8b465ee728b)
Start importing Assets/Oculus/SampleFramework/Core/Locomotion/Models using Guid(cb38391237052be4a8baf943256b1db2) Importer(815301076,1909f56bfc062723c751e8b465ee728b)  -> (artifact id: 'e34d0154c6c9dbbe92b0db052705814e') in 0.002606 seconds
  Import took 0.005170 seconds .

========================================================================
Received Import Request.
  Time since last request: 0.317253 seconds.
  path: Assets/Oculus/SampleFramework/Core/Locomotion/Models/DestinationIndicatorSimple.fbx
  artifactKey: Guid(823dc0eb5b064e14da00166d21f93fef) Importer(815301076,1909f56bfc062723c751e8b465ee728b)
Start importing Assets/Oculus/SampleFramework/Core/Locomotion/Models/DestinationIndicatorSimple.fbx using Guid(823dc0eb5b064e14da00166d21f93fef) Importer(815301076,1909f56bfc062723c751e8b465ee728b)  -> (artifact id: 'f3f1a95db51cb3003cf8c415cb8f46c2') in 0.078949 seconds
  Import took 0.081747 seconds .

========================================================================
Received Import Request.
  Time since last request: 37.733637 seconds.
  path: Assets/Oculus/SampleFramework/Core/Locomotion/TeleportDestination 1.prefab
  artifactKey: Guid(351e96b3ee693524d802837a7805970c) Importer(815301076,1909f56bfc062723c751e8b465ee728b)
Start importing Assets/Oculus/SampleFramework/Core/Locomotion/TeleportDestination 1.prefab using Guid(351e96b3ee693524d802837a7805970c) Importer(815301076,1909f56bfc062723c751e8b465ee728b)  -> (artifact id: 'a8918a5bdcfd52cdab39b75d2cbfb54d') in 0.015570 seconds
  Import took 0.018916 seconds .

========================================================================
Received Prepare
Registering precompiled user dll's ...
Registered in 0.002967 seconds.
Begin MonoManager ReloadAssembly
Native extension for WindowsStandalone target not found
Refreshing native plugins compatible for Editor in 0.52 ms, found 4 plugins.
Preloading 1 native plugins for Editor in 0.07 ms.
Invoked RoslynAnalysisRunner static constructor.
RoslynAnalysisRunner will not be running.
RoslynAnalysisRunner has terminated.
Mono: successfully reloaded assembly
- Completed reload, in  0.703 seconds
Platform modules already initialized, skipping
Shader 'Oculus/OVRMRCameraFrameLit': fallback shader 'Alpha-Diffuse' not found
Refreshing native plugins compatible for Editor in 0.52 ms, found 4 plugins.
Preloading 1 native plugins for Editor in 0.07 ms.
Unloading 1664 Unused Serialized files (Serialized files now loaded: 0)
System memory in use before: 86.2 MB.
System memory in use after: 86.3 MB.

Unloading 29 unused Assets to reduce memory usage. Loaded Objects now: 2205.
Total: 1.649900 ms (FindLiveObjects: 0.145100 ms CreateObjectMapping: 0.045600 ms MarkObjects: 1.395400 ms  DeleteObjects: 0.062800 ms)

========================================================================
Received Import Request.
  Time since last request: 147.906062 seconds.
  path: Assets/Scenes/MovementAndTeleport.unity
  artifactKey: Guid(09b51780ba20bd64eb8c91592904959d) Importer(815301076,1909f56bfc062723c751e8b465ee728b)
Start importing Assets/Scenes/MovementAndTeleport.unity using Guid(09b51780ba20bd64eb8c91592904959d) Importer(815301076,1909f56bfc062723c751e8b465ee728b)  -> (artifact id: 'c1778f338ece0c700a3ecb0026ced454') in 0.016134 seconds
  Import took 0.018860 seconds .

========================================================================
Received Import Request.
  Time since last request: 317.460962 seconds.
  path: Assets/Oculus/SampleFramework/Usage
  artifactKey: Guid(8b578b5744fda3641a8d996a918ec63a) Importer(815301076,1909f56bfc062723c751e8b465ee728b)
Start importing Assets/Oculus/SampleFramework/Usage using Guid(8b578b5744fda3641a8d996a918ec63a) Importer(815301076,1909f56bfc062723c751e8b465ee728b)  -> (artifact id: '96f6db67b4d4456c5a7050aa805325d4') in 0.006880 seconds
  Import took 0.009749 seconds .

========================================================================
Received Import Request.
  Time since last request: 0.000920 seconds.
  path: Assets/Oculus/SampleFramework/Usage
  artifactKey: Guid(8b578b5744fda3641a8d996a918ec63a) Importer(815301076,1909f56bfc062723c751e8b465ee728b)
Start importing Assets/Oculus/SampleFramework/Usage using Guid(8b578b5744fda3641a8d996a918ec63a) Importer(815301076,1909f56bfc062723c751e8b465ee728b)  -> (artifact id: '96f6db67b4d4456c5a7050aa805325d4') in 0.002767 seconds
  Import took 0.005069 seconds .

========================================================================
Received Import Request.
  Time since last request: 1.816025 seconds.
  path: Assets/Oculus/SampleFramework/Usage/HandsInteractionTrainScene.unity
  artifactKey: Guid(a9c41884ef0c347628dfd8a4af4a022e) Importer(815301076,1909f56bfc062723c751e8b465ee728b)
Start importing Assets/Oculus/SampleFramework/Usage/HandsInteractionTrainScene.unity using Guid(a9c41884ef0c347628dfd8a4af4a022e) Importer(815301076,1909f56bfc062723c751e8b465ee728b)  -> (artifact id: '54280faec36a3d3e41f879f30e83d197') in 0.006224 seconds
  Import took 0.009174 seconds .

========================================================================
Received Import Request.
  Time since last request: 0.000758 seconds.
  path: Assets/Oculus/SampleFramework/Usage/HandsInteractionTrainScene.unity
  artifactKey: Guid(a9c41884ef0c347628dfd8a4af4a022e) Importer(815301076,1909f56bfc062723c751e8b465ee728b)
Start importing Assets/Oculus/SampleFramework/Usage/HandsInteractionTrainScene.unity using Guid(a9c41884ef0c347628dfd8a4af4a022e) Importer(815301076,1909f56bfc062723c751e8b465ee728b)  -> (artifact id: '54280faec36a3d3e41f879f30e83d197') in 0.002467 seconds
  Import took 0.004811 seconds .

========================================================================
Received Prepare
Registering precompiled user dll's ...
Registered in 0.003845 seconds.
Begin MonoManager ReloadAssembly
Native extension for WindowsStandalone target not found
Refreshing native plugins compatible for Editor in 0.75 ms, found 4 plugins.
Preloading 1 native plugins for Editor in 0.10 ms.
Invoked RoslynAnalysisRunner static constructor.
RoslynAnalysisRunner will not be running.
RoslynAnalysisRunner has terminated.
Mono: successfully reloaded assembly
- Completed reload, in  0.848 seconds
Platform modules already initialized, skipping
Shader 'Oculus/OVRMRCameraFrameLit': fallback shader 'Alpha-Diffuse' not found
Refreshing native plugins compatible for Editor in 1.14 ms, found 4 plugins.
Preloading 1 native plugins for Editor in 0.13 ms.
Unloading 1664 Unused Serialized files (Serialized files now loaded: 0)
System memory in use before: 86.2 MB.
System memory in use after: 86.3 MB.

Unloading 29 unused Assets to reduce memory usage. Loaded Objects now: 2208.
Total: 1.908300 ms (FindLiveObjects: 0.171400 ms CreateObjectMapping: 0.057600 ms MarkObjects: 1.569300 ms  DeleteObjects: 0.109100 ms)

========================================================================
Received Import Request.
  Time since last request: 201.007937 seconds.
  path: Assets/Scenes/DistanceGrab.unity
  artifactKey: Guid(91f479ef605de8c4f928ff08d1b9e2d7) Importer(815301076,1909f56bfc062723c751e8b465ee728b)
Start importing Assets/Scenes/DistanceGrab.unity using Guid(91f479ef605de8c4f928ff08d1b9e2d7) Importer(815301076,1909f56bfc062723c751e8b465ee728b)  -> (artifact id: '26a21c43d2f45536a4885aee8d8efdf4') in 0.019888 seconds
  Import took 0.024011 seconds .

========================================================================
Received Prepare
Registering precompiled user dll's ...
Registered in 0.007869 seconds.
Begin MonoManager ReloadAssembly
Native extension for WindowsStandalone target not found
Refreshing native plugins compatible for Editor in 0.77 ms, found 4 plugins.
Preloading 1 native plugins for Editor in 0.09 ms.
Invoked RoslynAnalysisRunner static constructor.
RoslynAnalysisRunner will not be running.
RoslynAnalysisRunner has terminated.
Mono: successfully reloaded assembly
- Completed reload, in  0.703 seconds
Platform modules already initialized, skipping
Shader 'Oculus/OVRMRCameraFrameLit': fallback shader 'Alpha-Diffuse' not found
Refreshing native plugins compatible for Editor in 0.58 ms, found 4 plugins.
Preloading 1 native plugins for Editor in 0.06 ms.
Unloading 1664 Unused Serialized files (Serialized files now loaded: 0)
System memory in use before: 86.2 MB.
System memory in use after: 86.3 MB.

Unloading 29 unused Assets to reduce memory usage. Loaded Objects now: 2211.
Total: 1.738500 ms (FindLiveObjects: 0.161400 ms CreateObjectMapping: 0.052800 ms MarkObjects: 1.452400 ms  DeleteObjects: 0.071100 ms)

========================================================================
Received Import Request.
  Time since last request: 565.033037 seconds.
  path: Assets/Scenes/MovementAndTeleport.unity
  artifactKey: Guid(09b51780ba20bd64eb8c91592904959d) Importer(815301076,1909f56bfc062723c751e8b465ee728b)
Start importing Assets/Scenes/MovementAndTeleport.unity using Guid(09b51780ba20bd64eb8c91592904959d) Importer(815301076,1909f56bfc062723c751e8b465ee728b)  -> (artifact id: 'af9db60d98da5ee74f8e684055c97f76') in 0.016220 seconds
  Import took 0.019853 seconds .

========================================================================
Received Prepare
Registering precompiled user dll's ...
Registered in 0.003131 seconds.
Begin MonoManager ReloadAssembly
Native extension for WindowsStandalone target not found
Refreshing native plugins compatible for Editor in 0.52 ms, found 4 plugins.
Preloading 1 native plugins for Editor in 0.07 ms.
Invoked RoslynAnalysisRunner static constructor.
RoslynAnalysisRunner will not be running.
RoslynAnalysisRunner has terminated.
Mono: successfully reloaded assembly
- Completed reload, in  0.693 seconds
Platform modules already initialized, skipping
Shader 'Oculus/OVRMRCameraFrameLit': fallback shader 'Alpha-Diffuse' not found
Refreshing native plugins compatible for Editor in 0.52 ms, found 4 plugins.
Preloading 1 native plugins for Editor in 0.06 ms.
Unloading 1664 Unused Serialized files (Serialized files now loaded: 0)
System memory in use before: 86.2 MB.
System memory in use after: 86.3 MB.

Unloading 29 unused Assets to reduce memory usage. Loaded Objects now: 2214.
Total: 1.560800 ms (FindLiveObjects: 0.183400 ms CreateObjectMapping: 0.043700 ms MarkObjects: 1.268300 ms  DeleteObjects: 0.064500 ms)

========================================================================
Received Import Request.
  Time since last request: 47.886320 seconds.
  path: Assets/Oculus/SampleFramework/Core/Locomotion/TeleportDestination2.prefab
  artifactKey: Guid(1b474618c4fc5f54e8a8b803c8352c7d) Importer(815301076,1909f56bfc062723c751e8b465ee728b)
Start importing Assets/Oculus/SampleFramework/Core/Locomotion/TeleportDestination2.prefab using Guid(1b474618c4fc5f54e8a8b803c8352c7d) Importer(815301076,1909f56bfc062723c751e8b465ee728b)  -> (artifact id: 'aaacea429d30d92706ba040a8c5b533a') in 0.058768 seconds
  Import took 0.061905 seconds .

========================================================================
Received Import Request.
  Time since last request: 5.898579 seconds.
  path: Assets/Oculus/SampleFramework/Core/Locomotion/TeleportDestination.prefab
  artifactKey: Guid(351e96b3ee693524d802837a7805970c) Importer(815301076,1909f56bfc062723c751e8b465ee728b)
Start importing Assets/Oculus/SampleFramework/Core/Locomotion/TeleportDestination.prefab using Guid(351e96b3ee693524d802837a7805970c) Importer(815301076,1909f56bfc062723c751e8b465ee728b)  -> (artifact id: '7fdf1e38f1b863b8b4744ca17854a5b4') in 0.013662 seconds
  Import took 0.016795 seconds .

========================================================================
Received Prepare
Registering precompiled user dll's ...
Registered in 0.003587 seconds.
Begin MonoManager ReloadAssembly
Native extension for WindowsStandalone target not found
Refreshing native plugins compatible for Editor in 0.58 ms, found 4 plugins.
Preloading 1 native plugins for Editor in 0.09 ms.
Invoked RoslynAnalysisRunner static constructor.
RoslynAnalysisRunner will not be running.
RoslynAnalysisRunner has terminated.
Mono: successfully reloaded assembly
- Completed reload, in  0.727 seconds
Platform modules already initialized, skipping
Shader 'Oculus/OVRMRCameraFrameLit': fallback shader 'Alpha-Diffuse' not found
Refreshing native plugins compatible for Editor in 0.53 ms, found 4 plugins.
Preloading 1 native plugins for Editor in 0.07 ms.
Unloading 1664 Unused Serialized files (Serialized files now loaded: 0)
System memory in use before: 86.2 MB.
System memory in use after: 86.3 MB.

Unloading 29 unused Assets to reduce memory usage. Loaded Objects now: 2218.
Total: 1.739700 ms (FindLiveObjects: 0.172500 ms CreateObjectMapping: 0.059800 ms MarkObjects: 1.440300 ms  DeleteObjects: 0.066200 ms)

========================================================================
Received Import Request.
  Time since last request: 274.301345 seconds.
  path: Assets/Mesh/TeleportDestination 1.prefab
  artifactKey: Guid(510d1ea06d237204bb7ff985694c3723) Importer(815301076,1909f56bfc062723c751e8b465ee728b)
Start importing Assets/Mesh/TeleportDestination 1.prefab using Guid(510d1ea06d237204bb7ff985694c3723) Importer(815301076,1909f56bfc062723c751e8b465ee728b)  -> (artifact id: 'b9cbca9b5ba938f3e4ba06bc777f12f5') in 0.064732 seconds
  Import took 0.067635 seconds .

========================================================================
Received Prepare
Registering precompiled user dll's ...
Registered in 0.003522 seconds.
Begin MonoManager ReloadAssembly
Native extension for WindowsStandalone target not found
Refreshing native plugins compatible for Editor in 0.52 ms, found 4 plugins.
Preloading 1 native plugins for Editor in 0.07 ms.
Invoked RoslynAnalysisRunner static constructor.
RoslynAnalysisRunner will not be running.
RoslynAnalysisRunner has terminated.
Mono: successfully reloaded assembly
- Completed reload, in  0.749 seconds
Platform modules already initialized, skipping
Shader 'Oculus/OVRMRCameraFrameLit': fallback shader 'Alpha-Diffuse' not found
Refreshing native plugins compatible for Editor in 0.55 ms, found 4 plugins.
Preloading 1 native plugins for Editor in 0.07 ms.
Unloading 1664 Unused Serialized files (Serialized files now loaded: 0)
System memory in use before: 86.3 MB.
System memory in use after: 86.3 MB.

Unloading 29 unused Assets to reduce memory usage. Loaded Objects now: 2222.
Total: 1.613400 ms (FindLiveObjects: 0.146100 ms CreateObjectMapping: 0.048600 ms MarkObjects: 1.357200 ms  DeleteObjects: 0.060800 ms)

========================================================================
Received Import Request.
  Time since last request: 79.928629 seconds.
  path: Assets/Scenes/DistanceGrab/NavMesh.asset
  artifactKey: Guid(eba1e8189909ca145b6453519fede0e1) Importer(815301076,1909f56bfc062723c751e8b465ee728b)
Start importing Assets/Scenes/DistanceGrab/NavMesh.asset using Guid(eba1e8189909ca145b6453519fede0e1) Importer(815301076,1909f56bfc062723c751e8b465ee728b)  -> (artifact id: '8149bcccdf9aa0e6272282a13dcc9e3c') in 0.014843 seconds
  Import took 0.017670 seconds .

========================================================================
Received Import Request.
  Time since last request: 125.569950 seconds.
  path: Assets/Oculus/SampleFramework/Core/Locomotion/Scripts/TeleportDestination.cs
  artifactKey: Guid(03a7614f10832d041bccff167d2a460f) Importer(815301076,1909f56bfc062723c751e8b465ee728b)
Start importing Assets/Oculus/SampleFramework/Core/Locomotion/Scripts/TeleportDestination.cs using Guid(03a7614f10832d041bccff167d2a460f) Importer(815301076,1909f56bfc062723c751e8b465ee728b)  -> (artifact id: '10d5c68318eee337e8fd8ae909820175') in 0.655029 seconds
  Import took 0.658237 seconds .

========================================================================
Received Prepare
Registering precompiled user dll's ...
Registered in 0.002698 seconds.
Begin MonoManager ReloadAssembly
Native extension for WindowsStandalone target not found
Refreshing native plugins compatible for Editor in 0.57 ms, found 4 plugins.
Preloading 1 native plugins for Editor in 0.07 ms.
Invoked RoslynAnalysisRunner static constructor.
RoslynAnalysisRunner will not be running.
RoslynAnalysisRunner has terminated.
Mono: successfully reloaded assembly
- Completed reload, in  0.715 seconds
Platform modules already initialized, skipping
Shader 'Oculus/OVRMRCameraFrameLit': fallback shader 'Alpha-Diffuse' not found
Refreshing native plugins compatible for Editor in 0.54 ms, found 4 plugins.
Preloading 1 native plugins for Editor in 0.06 ms.
Unloading 1664 Unused Serialized files (Serialized files now loaded: 0)
System memory in use before: 86.3 MB.
System memory in use after: 86.3 MB.

Unloading 29 unused Assets to reduce memory usage. Loaded Objects now: 2225.
Total: 1.771000 ms (FindLiveObjects: 0.183800 ms CreateObjectMapping: 0.058800 ms MarkObjects: 1.458800 ms  DeleteObjects: 0.068700 ms)

========================================================================
Received Import Request.
  Time since last request: 95.359246 seconds.
  path: Assets/Oculus/SampleFramework/Core/Locomotion/TeleportDestination6.prefab
  artifactKey: Guid(351e96b3ee693524d802837a7805970c) Importer(815301076,1909f56bfc062723c751e8b465ee728b)
Start importing Assets/Oculus/SampleFramework/Core/Locomotion/TeleportDestination6.prefab using Guid(351e96b3ee693524d802837a7805970c) Importer(815301076,1909f56bfc062723c751e8b465ee728b)  -> (artifact id: '46119d5f56169312533d210d5437afac') in 0.049590 seconds
  Import took 0.052438 seconds .

========================================================================
Received Prepare
Registering precompiled user dll's ...
Registered in 0.002687 seconds.
Begin MonoManager ReloadAssembly
Native extension for WindowsStandalone target not found
Refreshing native plugins compatible for Editor in 0.61 ms, found 4 plugins.
Preloading 1 native plugins for Editor in 0.08 ms.
Invoked RoslynAnalysisRunner static constructor.
RoslynAnalysisRunner will not be running.
RoslynAnalysisRunner has terminated.
Mono: successfully reloaded assembly
- Completed reload, in  0.698 seconds
Platform modules already initialized, skipping
Shader 'Oculus/OVRMRCameraFrameLit': fallback shader 'Alpha-Diffuse' not found
Refreshing native plugins compatible for Editor in 0.55 ms, found 4 plugins.
Preloading 1 native plugins for Editor in 0.07 ms.
Unloading 1664 Unused Serialized files (Serialized files now loaded: 0)
System memory in use before: 86.3 MB.
System memory in use after: 86.4 MB.

Unloading 29 unused Assets to reduce memory usage. Loaded Objects now: 2229.
Total: 1.639600 ms (FindLiveObjects: 0.152200 ms CreateObjectMapping: 0.044200 ms MarkObjects: 1.370000 ms  DeleteObjects: 0.072400 ms)

========================================================================
Received Prepare
Registering precompiled user dll's ...
Registered in 0.002810 seconds.
Begin MonoManager ReloadAssembly
Native extension for WindowsStandalone target not found
Refreshing native plugins compatible for Editor in 0.65 ms, found 4 plugins.
Preloading 1 native plugins for Editor in 0.07 ms.
Invoked RoslynAnalysisRunner static constructor.
RoslynAnalysisRunner will not be running.
RoslynAnalysisRunner has terminated.
Mono: successfully reloaded assembly
- Completed reload, in  0.767 seconds
Platform modules already initialized, skipping
Shader 'Oculus/OVRMRCameraFrameLit': fallback shader 'Alpha-Diffuse' not found
Refreshing native plugins compatible for Editor in 0.68 ms, found 4 plugins.
Preloading 1 native plugins for Editor in 0.07 ms.
Unloading 1664 Unused Serialized files (Serialized files now loaded: 0)
System memory in use before: 86.3 MB.
System memory in use after: 86.4 MB.

Unloading 29 unused Assets to reduce memory usage. Loaded Objects now: 2232.
Total: 2.478500 ms (FindLiveObjects: 0.374200 ms CreateObjectMapping: 0.144700 ms MarkObjects: 1.867800 ms  DeleteObjects: 0.090500 ms)

========================================================================
Received Import Request.
  Time since last request: 360.877967 seconds.
  path: Assets/Scenes/MovementAndTeleport.unity
  artifactKey: Guid(09b51780ba20bd64eb8c91592904959d) Importer(815301076,1909f56bfc062723c751e8b465ee728b)
Start importing Assets/Scenes/MovementAndTeleport.unity using Guid(09b51780ba20bd64eb8c91592904959d) Importer(815301076,1909f56bfc062723c751e8b465ee728b)  -> (artifact id: '1eecacaad00bd7b66ea788c6d5d8deb8') in 0.016694 seconds
  Import took 0.019758 seconds .

========================================================================
Received Import Request.
  Time since last request: 16.081909 seconds.
  path: Assets/Scenes/TestMovement.unity
  artifactKey: Guid(b89775aae9a2ed9429d0e75b84db1e85) Importer(815301076,1909f56bfc062723c751e8b465ee728b)
Start importing Assets/Scenes/TestMovement.unity using Guid(b89775aae9a2ed9429d0e75b84db1e85) Importer(815301076,1909f56bfc062723c751e8b465ee728b)  -> (artifact id: '7b6358662589c93a874cf22f6acc4bd9') in 0.006487 seconds
  Import took 0.010391 seconds .

========================================================================
Received Prepare
Registering precompiled user dll's ...
Registered in 0.002722 seconds.
Begin MonoManager ReloadAssembly
Native extension for WindowsStandalone target not found
Refreshing native plugins compatible for Editor in 0.53 ms, found 4 plugins.
Preloading 1 native plugins for Editor in 0.07 ms.
Invoked RoslynAnalysisRunner static constructor.
RoslynAnalysisRunner will not be running.
RoslynAnalysisRunner has terminated.
Mono: successfully reloaded assembly
- Completed reload, in  0.736 seconds
Platform modules already initialized, skipping
Shader 'Oculus/OVRMRCameraFrameLit': fallback shader 'Alpha-Diffuse' not found
Refreshing native plugins compatible for Editor in 0.57 ms, found 4 plugins.
Preloading 1 native plugins for Editor in 0.07 ms.
Unloading 1664 Unused Serialized files (Serialized files now loaded: 0)
System memory in use before: 86.3 MB.
System memory in use after: 86.4 MB.

Unloading 29 unused Assets to reduce memory usage. Loaded Objects now: 2235.
Total: 1.785300 ms (FindLiveObjects: 0.171300 ms CreateObjectMapping: 0.058100 ms MarkObjects: 1.472600 ms  DeleteObjects: 0.082200 ms)

========================================================================
Received Prepare
Registering precompiled user dll's ...
Registered in 0.002689 seconds.
Begin MonoManager ReloadAssembly
Native extension for WindowsStandalone target not found
Refreshing native plugins compatible for Editor in 0.53 ms, found 4 plugins.
Preloading 1 native plugins for Editor in 0.07 ms.
Invoked RoslynAnalysisRunner static constructor.
RoslynAnalysisRunner will not be running.
RoslynAnalysisRunner has terminated.
Mono: successfully reloaded assembly
- Completed reload, in  0.704 seconds
Platform modules already initialized, skipping
Shader 'Oculus/OVRMRCameraFrameLit': fallback shader 'Alpha-Diffuse' not found
Refreshing native plugins compatible for Editor in 0.55 ms, found 4 plugins.
Preloading 1 native plugins for Editor in 0.06 ms.
Unloading 1664 Unused Serialized files (Serialized files now loaded: 0)
System memory in use before: 86.3 MB.
System memory in use after: 86.4 MB.

Unloading 29 unused Assets to reduce memory usage. Loaded Objects now: 2238.
Total: 1.631300 ms (FindLiveObjects: 0.176100 ms CreateObjectMapping: 0.060600 ms MarkObjects: 1.326700 ms  DeleteObjects: 0.067200 ms)

========================================================================
Received Import Request.
  Time since last request: 360.764119 seconds.
  path: Assets/Oculus
  artifactKey: Guid(680541ce21a88d743abb6fc93c376ee5) Importer(815301076,1909f56bfc062723c751e8b465ee728b)
Start importing Assets/Oculus using Guid(680541ce21a88d743abb6fc93c376ee5) Importer(815301076,1909f56bfc062723c751e8b465ee728b)  -> (artifact id: '06db6dad36dc0254dcf0044fc15d7aba') in 0.014869 seconds
  Import took 0.017874 seconds .

========================================================================
Received Prepare
Registering precompiled user dll's ...
Registered in 0.003701 seconds.
Begin MonoManager ReloadAssembly
Native extension for WindowsStandalone target not found
Refreshing native plugins compatible for Editor in 0.75 ms, found 4 plugins.
Preloading 1 native plugins for Editor in 0.08 ms.
Invoked RoslynAnalysisRunner static constructor.
RoslynAnalysisRunner will not be running.
RoslynAnalysisRunner has terminated.
Mono: successfully reloaded assembly
- Completed reload, in  0.768 seconds
Platform modules already initialized, skipping
Shader 'Oculus/OVRMRCameraFrameLit': fallback shader 'Alpha-Diffuse' not found
Refreshing native plugins compatible for Editor in 0.67 ms, found 4 plugins.
Preloading 1 native plugins for Editor in 0.09 ms.
Unloading 1664 Unused Serialized files (Serialized files now loaded: 0)
System memory in use before: 86.3 MB.
System memory in use after: 86.4 MB.

Unloading 29 unused Assets to reduce memory usage. Loaded Objects now: 2241.
Total: 1.759000 ms (FindLiveObjects: 0.184400 ms CreateObjectMapping: 0.053900 ms MarkObjects: 1.446900 ms  DeleteObjects: 0.073000 ms)

========================================================================
Received Prepare
Registering precompiled user dll's ...
Registered in 0.002686 seconds.
Begin MonoManager ReloadAssembly
Native extension for WindowsStandalone target not found
Refreshing native plugins compatible for Editor in 0.54 ms, found 4 plugins.
Preloading 1 native plugins for Editor in 0.08 ms.
Invoked RoslynAnalysisRunner static constructor.
RoslynAnalysisRunner will not be running.
RoslynAnalysisRunner has terminated.
Mono: successfully reloaded assembly
- Completed reload, in  0.743 seconds
Platform modules already initialized, skipping
Shader 'Oculus/OVRMRCameraFrameLit': fallback shader 'Alpha-Diffuse' not found
Refreshing native plugins compatible for Editor in 0.59 ms, found 4 plugins.
Preloading 1 native plugins for Editor in 0.09 ms.
Unloading 1664 Unused Serialized files (Serialized files now loaded: 0)
System memory in use before: 86.3 MB.
System memory in use after: 86.4 MB.

Unloading 29 unused Assets to reduce memory usage. Loaded Objects now: 2244.
Total: 1.876800 ms (FindLiveObjects: 0.177600 ms CreateObjectMapping: 0.060100 ms MarkObjects: 1.562600 ms  DeleteObjects: 0.075600 ms)

========================================================================
Received Import Request.
  Time since last request: 251.406066 seconds.
  path: Assets/Scenes/MovementAndTeleport1.unity
  artifactKey: Guid(58fa99c466fd66c40a344d656443eac6) Importer(815301076,1909f56bfc062723c751e8b465ee728b)
Start importing Assets/Scenes/MovementAndTeleport1.unity using Guid(58fa99c466fd66c40a344d656443eac6) Importer(815301076,1909f56bfc062723c751e8b465ee728b)  -> (artifact id: '2d84335cd25ecf8cc3871b13ae1429a5') in 0.014208 seconds
  Import took 0.016661 seconds .

========================================================================
Received Prepare
Registering precompiled user dll's ...
Registered in 0.002871 seconds.
Begin MonoManager ReloadAssembly
Native extension for WindowsStandalone target not found
Refreshing native plugins compatible for Editor in 0.59 ms, found 4 plugins.
Preloading 1 native plugins for Editor in 0.07 ms.
Invoked RoslynAnalysisRunner static constructor.
RoslynAnalysisRunner will not be running.
RoslynAnalysisRunner has terminated.
Mono: successfully reloaded assembly
- Completed reload, in  0.690 seconds
Platform modules already initialized, skipping
Shader 'Oculus/OVRMRCameraFrameLit': fallback shader 'Alpha-Diffuse' not found
Refreshing native plugins compatible for Editor in 0.57 ms, found 4 plugins.
Preloading 1 native plugins for Editor in 0.06 ms.
Unloading 1664 Unused Serialized files (Serialized files now loaded: 0)
System memory in use before: 86.3 MB.
System memory in use after: 86.4 MB.

Unloading 29 unused Assets to reduce memory usage. Loaded Objects now: 2247.
Total: 1.737900 ms (FindLiveObjects: 0.165200 ms CreateObjectMapping: 0.052800 ms MarkObjects: 1.449500 ms  DeleteObjects: 0.069800 ms)

========================================================================
Received Import Request.
  Time since last request: 174.258582 seconds.
  path: Assets/Scenes/MovementAndTeleport.unity
  artifactKey: Guid(09b51780ba20bd64eb8c91592904959d) Importer(815301076,1909f56bfc062723c751e8b465ee728b)
Start importing Assets/Scenes/MovementAndTeleport.unity using Guid(09b51780ba20bd64eb8c91592904959d) Importer(815301076,1909f56bfc062723c751e8b465ee728b)  -> (artifact id: '70561f74ac82946b464403dd37f051ea') in 0.013634 seconds
  Import took 0.016460 seconds .

AssetImportWorkerClient::OnTransportError - code=2 error=End of file
